 
 -------------- celery@ubuntu-s-1vcpu-1gb-nyc1-01 v5.2.7 (dawn-chorus)
--- ***** ----- 
-- ******* ---- Linux-5.19.0-38-generic-x86_64-with-glibc2.36 2023-04-04 08:29:41
- *** --- * --- 
- ** ---------- [config]
- ** ---------- .> app:         GoogleMapScraper:0x7fb426076590
- ** ---------- .> transport:   redis://localhost:6379//
- ** ---------- .> results:     redis://localhost:6379/
- *** --- * --- .> concurrency: 1 (prefork)
-- ******* ---- .> task events: OFF (enable -E to monitor tasks in this worker)
--- ***** ----- 
 -------------- [queues]
                .> celery           exchange=celery(direct) key=celery
                

[tasks]
  . GoogleMapScraper.celery.debug_task
  . map_scrapers.tasks.get_all_place
  . map_scrapers.tasks.get_place_detail_and_save

[2023-04-04 08:29:41,822: INFO/MainProcess] Connected to redis://localhost:6379//
[2023-04-04 08:29:41,828: INFO/MainProcess] mingle: searching for neighbors
[2023-04-04 08:29:42,844: INFO/MainProcess] mingle: all alone
[2023-04-04 08:29:42,853: WARNING/MainProcess] /home/mapscraper/GoogleMapScraper/venv/lib/python3.10/site-packages/celery/fixups/django.py:203: UserWarning: Using settings.DEBUG leads to a memory
            leak, never use this setting in production environments!
  warnings.warn('''Using settings.DEBUG leads to a memory

[2023-04-04 08:29:42,853: INFO/MainProcess] celery@ubuntu-s-1vcpu-1gb-nyc1-01 ready.
[2023-04-04 08:29:42,855: INFO/MainProcess] Task map_scrapers.tasks.get_place_detail_and_save[0b961754-63f2-45ce-96a5-a561c95d615d] received
[2023-04-04 08:29:42,856: INFO/MainProcess] Task map_scrapers.tasks.get_place_detail_and_save[05efae8a-cd42-44a5-9334-2f5a4dab8886] received
[2023-04-04 08:29:42,862: INFO/MainProcess] Task map_scrapers.tasks.get_place_detail_and_save[4f7077ae-9c38-41a4-b2e6-9655672ea39f] received
[2023-04-04 08:29:42,864: INFO/MainProcess] Task map_scrapers.tasks.get_all_place[7dae04e2-fdee-477a-bbbb-82505aa4ea27] received
[2023-04-04 08:29:42,871: INFO/MainProcess] Task map_scrapers.tasks.get_all_place[438022a6-2523-409a-ba09-fe0c481e8f3c] received
[2023-04-04 08:29:43,230: INFO/ForkPoolWorker-1] Task map_scrapers.tasks.get_place_detail_and_save[0b961754-63f2-45ce-96a5-a561c95d615d] succeeded in 0.3729657160001807s: True
[2023-04-04 08:29:43,544: INFO/ForkPoolWorker-1] Task map_scrapers.tasks.get_place_detail_and_save[05efae8a-cd42-44a5-9334-2f5a4dab8886] succeeded in 0.31202996500360314s: True
[2023-04-04 08:29:43,546: INFO/MainProcess] Task map_scrapers.tasks.get_all_place[04f1ac88-3f78-496c-bc89-1c05cc50a318] received
[2023-04-04 08:29:44,155: INFO/ForkPoolWorker-1] Task map_scrapers.tasks.get_place_detail_and_save[4f7077ae-9c38-41a4-b2e6-9655672ea39f] succeeded in 0.6083173890074249s: True
[2023-04-04 08:29:44,157: INFO/MainProcess] Task map_scrapers.tasks.get_all_place[1bc0a2ae-07ba-4744-913d-db099cee0db0] received
[2023-04-04 08:29:44,752: WARNING/ForkPoolWorker-1] ChIJsyvwIpOAhYARPJGsZOcm-bI
[2023-04-04 08:29:44,758: WARNING/ForkPoolWorker-1] ChIJjZhpypSAhYARTH3PlAkLUzg
[2023-04-04 08:29:44,759: WARNING/ForkPoolWorker-1] ChIJQSwgGUzGwoARhEKotmw64n8
[2023-04-04 08:29:44,760: WARNING/ForkPoolWorker-1] ChIJxx2Jsv_AwoARbLMP9CQaDlY
[2023-04-04 08:29:44,761: WARNING/ForkPoolWorker-1] ChIJmerWLeC4woAR_oRzvxGr3TQ
[2023-04-04 08:29:44,762: WARNING/ForkPoolWorker-1] ChIJT9zKdknGwoARlWfCsvhRzC4
[2023-04-04 08:29:44,768: WARNING/ForkPoolWorker-1] ChIJP4sQZ2THwoAR0S0tAb3aQek
[2023-04-04 08:29:44,771: WARNING/ForkPoolWorker-1] ChIJQQ84YV9-hYARf3DamjOYOEI
[2023-04-04 08:29:44,772: WARNING/ForkPoolWorker-1] ChIJ__ERZqqx3IARjsSXpKNWXJY
[2023-04-04 08:29:44,775: WARNING/ForkPoolWorker-1] ChIJsTrlusrHwoARFlL8c4sNFjo
[2023-04-04 08:29:44,779: WARNING/ForkPoolWorker-1] ChIJ2-7Xof9nlIAR5yjW03cpPv0
[2023-04-04 08:29:44,780: WARNING/ForkPoolWorker-1] ChIJbTi8NTgx3YARvm73KswCsJQ
[2023-04-04 08:29:44,783: WARNING/ForkPoolWorker-1] ChIJIUb7os7i2oARbQHQ-NaFyUc
[2023-04-04 08:29:44,784: WARNING/ForkPoolWorker-1] ChIJJYiLuESQmYARE_GMzvh-IYw
[2023-04-04 08:29:44,787: WARNING/ForkPoolWorker-1] ChIJwXlFGNUEm4AR7W6k_4k4XF4
[2023-04-04 08:29:44,788: WARNING/ForkPoolWorker-1] ChIJJV1_EkrGwoARvj3I4zlbyMA
[2023-04-04 08:29:44,791: WARNING/ForkPoolWorker-1] ChIJmZ_TJnKZhYARbTb4pWqyhq8
[2023-04-04 08:29:44,792: WARNING/ForkPoolWorker-1] ChIJPyFhcrvNwYARZjImf126DyE
[2023-04-04 08:29:44,793: WARNING/ForkPoolWorker-1] ChIJPXCyRxgt3YARwMeJsth5n6c
[2023-04-04 08:29:44,795: WARNING/ForkPoolWorker-1] ChIJ-3HtgwS6loAR_hVQfAeLnbo
[2023-04-04 08:29:44,796: WARNING/ForkPoolWorker-1] Completed
[2023-04-04 08:29:44,797: INFO/ForkPoolWorker-1] Task map_scrapers.tasks.get_all_place[7dae04e2-fdee-477a-bbbb-82505aa4ea27] succeeded in 0.6388573869917309s: True
[2023-04-04 08:29:44,798: INFO/MainProcess] Task map_scrapers.tasks.get_all_place[d2352730-ffd4-40d6-83b1-396eea8358d6] received
[2023-04-04 08:29:44,850: INFO/MainProcess] Task map_scrapers.tasks.get_all_place[50d62b93-15db-4962-874e-69f2ef0adbc7] received
[2023-04-04 08:29:46,117: WARNING/ForkPoolWorker-1] ChIJ_fs2jmB6moARLRNpAoVUCKA
[2023-04-04 08:29:46,118: WARNING/ForkPoolWorker-1] ChIJI_67GejNkIARWR8dpStBnEQ
[2023-04-04 08:29:46,120: WARNING/ForkPoolWorker-1] ChIJq2JlJPV3hYARQcsgy6vxHGc
[2023-04-04 08:29:46,120: WARNING/ForkPoolWorker-1] ChIJR2DfLA74moARnnokC0EQ-Ao
[2023-04-04 08:29:46,121: WARNING/ForkPoolWorker-1] ChIJgdK5qf6P24ARVzZNu4yyHkQ
[2023-04-04 08:29:46,122: WARNING/ForkPoolWorker-1] ChIJEQqMdFBGlIARlV90VihD_ck
[2023-04-04 08:29:46,123: WARNING/ForkPoolWorker-1] ChIJVxFFFHlog4AR7RPVOFSbDmc
[2023-04-04 08:29:46,124: WARNING/ForkPoolWorker-1] ChIJodPMZdV7gYARLbmGAe83OpQ
[2023-04-04 08:29:46,125: WARNING/ForkPoolWorker-1] ChIJB39hhUTh24ARxcoC2P1ZYNQ
[2023-04-04 08:29:46,126: WARNING/ForkPoolWorker-1] ChIJW3KyEVae0VQRjJFIi-FjMEU
[2023-04-04 08:29:46,128: WARNING/ForkPoolWorker-1] ChIJAcBH9jqBmoARqx4luW4UjfA
[2023-04-04 08:29:46,129: WARNING/ForkPoolWorker-1] ChIJvSD4U3fKwoAR5GENFj7DCXc
[2023-04-04 08:29:46,130: WARNING/ForkPoolWorker-1] ChIJg0gMBUXOwoARjdL2KRGJ9fg
[2023-04-04 08:29:46,131: WARNING/ForkPoolWorker-1] ChIJm3hPCyPygoAR05a0mDIlaH0
[2023-04-04 08:29:46,132: WARNING/ForkPoolWorker-1] ChIJUxxhdb-B24ARQBNwDDy6vGQ
[2023-04-04 08:29:46,133: WARNING/ForkPoolWorker-1] ChIJET3xAiYShYARz6d3ZFIaJ-M
[2023-04-04 08:29:46,135: WARNING/ForkPoolWorker-1] ChIJVboLAmBh2YARfJewOXZvytg
[2023-04-04 08:29:46,136: WARNING/ForkPoolWorker-1] ChIJ-VKBEZjHlIAR6n9PowhsskI
[2023-04-04 08:29:46,137: WARNING/ForkPoolWorker-1] ChIJvV86ZVFY2oARh_B1Y16O3P0
[2023-04-04 08:29:46,139: WARNING/ForkPoolWorker-1] ChIJ03rDi5FmhYARy7bEnTty_hI
[2023-04-04 08:29:46,140: WARNING/ForkPoolWorker-1] Completed
[2023-04-04 08:29:46,141: INFO/ForkPoolWorker-1] Task map_scrapers.tasks.get_all_place[438022a6-2523-409a-ba09-fe0c481e8f3c] succeeded in 1.341174326997134s: True
[2023-04-04 08:29:46,852: INFO/MainProcess] Task map_scrapers.tasks.get_all_place[5f3ed184-0f9c-45c1-8702-2f05e231be37] received
[2023-04-04 08:29:47,288: WARNING/ForkPoolWorker-1] ChIJL3qYO-f37IARa0yQFQxlNyk
[2023-04-04 08:29:47,290: WARNING/ForkPoolWorker-1] ChIJS6jWXsTX3IARSF4xvSJFNJY
[2023-04-04 08:29:47,291: WARNING/ForkPoolWorker-1] ChIJeYRVvceGwoARnK7lReaAgeA
[2023-04-04 08:29:47,292: WARNING/ForkPoolWorker-1] ChIJ0Tgh0mAp3YARPqGVsN_Xi7M
[2023-04-04 08:29:47,293: WARNING/ForkPoolWorker-1] ChIJ_6e_b-xY7IARqYCXRkESV2I
[2023-04-04 08:29:47,294: WARNING/ForkPoolWorker-1] ChIJR2rb15TX3IAR4Pr3HFmko7U
[2023-04-04 08:29:47,296: WARNING/ForkPoolWorker-1] ChIJWWBc5-Bp6oARuRQ2EPHs-Ts
[2023-04-04 08:29:47,297: WARNING/ForkPoolWorker-1] ChIJITjJkkzGwoAR35tUi0GRxKA
[2023-04-04 08:29:47,298: WARNING/ForkPoolWorker-1] ChIJ_dxT3VX03IARYBRkWyG2suw
[2023-04-04 08:29:47,300: WARNING/ForkPoolWorker-1] ChIJtXDdxVXAwoARWcmsZ1iph0A
[2023-04-04 08:29:47,301: WARNING/ForkPoolWorker-1] ChIJS-TgfNbHwoARMl16DsEuxH0
[2023-04-04 08:29:47,302: WARNING/ForkPoolWorker-1] ChIJvffIt_hp6oAR-RgNCDhnqts
[2023-04-04 08:29:47,303: WARNING/ForkPoolWorker-1] ChIJ_7bDsPS2j4ARzsg5ZUdqINw
[2023-04-04 08:29:47,304: WARNING/ForkPoolWorker-1] ChIJiSBrF2G6woARCZ4CwoQfGDE
[2023-04-04 08:29:47,306: WARNING/ForkPoolWorker-1] ChIJ2fwRFnyGj4ARKIQeI_F9xuI
[2023-04-04 08:29:47,307: WARNING/ForkPoolWorker-1] ChIJTZMqsJsr3YARNQdL3RzQJ2U
[2023-04-04 08:29:47,309: WARNING/ForkPoolWorker-1] ChIJeUoeTxUp3YAR5vsW803JThA
[2023-04-04 08:29:47,310: WARNING/ForkPoolWorker-1] ChIJ7xR6secr3YARIe-yjavOsCk
[2023-04-04 08:29:47,312: WARNING/ForkPoolWorker-1] ChIJhWXk5Ni2j4ARqnxGZitMIqM
[2023-04-04 08:29:47,313: WARNING/ForkPoolWorker-1] ChIJuQvVyFHX3IARmlJ4ZcvFueQ
[2023-04-04 08:29:47,314: WARNING/ForkPoolWorker-1] Completed
[2023-04-04 08:29:47,315: INFO/ForkPoolWorker-1] Task map_scrapers.tasks.get_all_place[04f1ac88-3f78-496c-bc89-1c05cc50a318] succeeded in 1.1719345140008954s: True
[2023-04-04 08:29:47,692: WARNING/ForkPoolWorker-1] ChIJAQAA_O4B3IARPaZqSdN5734
[2023-04-04 08:29:47,693: WARNING/ForkPoolWorker-1] ChIJW7CXAK7_j4ARSdXk4wR1Gck
[2023-04-04 08:29:47,695: WARNING/ForkPoolWorker-1] ChIJ0e9lDk2xwoARWId6jyPcfMQ
[2023-04-04 08:29:47,696: WARNING/ForkPoolWorker-1] ChIJeR6FMZdZwoARFsQtNoDN9e8
[2023-04-04 08:29:47,696: WARNING/ForkPoolWorker-1] Completed
[2023-04-04 08:29:47,697: INFO/ForkPoolWorker-1] Task map_scrapers.tasks.get_all_place[1bc0a2ae-07ba-4744-913d-db099cee0db0] succeeded in 0.379280082997866s: True
[2023-04-04 08:29:47,700: INFO/MainProcess] Task map_scrapers.tasks.get_all_place[d0c92eab-9929-420f-a01c-1f1bf1a7b7f3] received
[2023-04-04 08:29:47,847: INFO/MainProcess] Task map_scrapers.tasks.get_all_place[75483bfa-6ded-407c-8915-7553a02a32c3] received
[2023-04-04 08:29:48,229: WARNING/ForkPoolWorker-1] ChIJZeXhi9XX3IARYcIA6Qfcj2o
[2023-04-04 08:29:48,231: WARNING/ForkPoolWorker-1] ChIJo3h_9V8p3YARVTAekE45jq4
[2023-04-04 08:29:48,232: WARNING/ForkPoolWorker-1] ChIJa147K9HX3IAR-lwiGIQv9i4
[2023-04-04 08:29:48,233: WARNING/ForkPoolWorker-1] ChIJd-tZsWCq3oAR_sO70namuLg
[2023-04-04 08:29:48,234: WARNING/ForkPoolWorker-1] ChIJGZfrmeJU2YARL4VJe0IZZRQ
[2023-04-04 08:29:48,235: WARNING/ForkPoolWorker-1] ChIJe6hluYWP2oAR4p3rOqftdxk
[2023-04-04 08:29:48,236: WARNING/ForkPoolWorker-1] ChIJzzgyJU--woARcZqceSdQ3dM
[2023-04-04 08:29:48,238: WARNING/ForkPoolWorker-1] ChIJpX9B9TZm0FQRjl87lWYyzzY
[2023-04-04 08:29:48,239: WARNING/ForkPoolWorker-1] ChIJA8tw-pZU2YARxPYVsDwL8-0
[2023-04-04 08:29:48,240: WARNING/ForkPoolWorker-1] ChIJg3XXhNrX3IARUc0M9bIC_X4
[2023-04-04 08:29:48,241: WARNING/ForkPoolWorker-1] ChIJf8WHX0Cs3oARjGBkWjMtov4
[2023-04-04 08:29:48,242: WARNING/ForkPoolWorker-1] ChIJV4Ey3IdAjoARdgIjQTFtiBc
[2023-04-04 08:29:48,244: WARNING/ForkPoolWorker-1] ChIJxeyK9Z3wloAR_gOA7SycJC0
[2023-04-04 08:29:48,245: WARNING/ForkPoolWorker-1] ChIJ3a4d67_tloAR3Dm4tfn_lXM
[2023-04-04 08:29:48,246: WARNING/ForkPoolWorker-1] ChIJR4qudndLx4ARVLDye3zwycw
[2023-04-04 08:29:48,247: WARNING/ForkPoolWorker-1] ChIJm6deTdekwoARTY_RzhoRms0
[2023-04-04 08:29:48,249: WARNING/ForkPoolWorker-1] ChIJywjU6WG_woAR3NrWwrEH_3M
[2023-04-04 08:29:48,250: WARNING/ForkPoolWorker-1] ChIJdzBcVka-woARXKXAmSS8NW4
[2023-04-04 08:29:48,251: WARNING/ForkPoolWorker-1] ChIJi-pozp3MkoARIC7KVSXGe8A
[2023-04-04 08:29:48,253: WARNING/ForkPoolWorker-1] ChIJPV4oX_65j4ARVW8IJ6IJUYs
[2023-04-04 08:29:48,254: WARNING/ForkPoolWorker-1] Completed
[2023-04-04 08:29:48,255: INFO/ForkPoolWorker-1] Task map_scrapers.tasks.get_all_place[d2352730-ffd4-40d6-83b1-396eea8358d6] succeeded in 0.554845552003826s: True
[2023-04-04 08:29:48,397: WARNING/ForkPoolWorker-1] ChIJL3qYO-f37IARa0yQFQxlNyk
[2023-04-04 08:29:48,399: WARNING/ForkPoolWorker-1] ChIJS6jWXsTX3IARSF4xvSJFNJY
[2023-04-04 08:29:48,400: WARNING/ForkPoolWorker-1] ChIJeYRVvceGwoARnK7lReaAgeA
[2023-04-04 08:29:48,401: WARNING/ForkPoolWorker-1] ChIJ0Tgh0mAp3YARPqGVsN_Xi7M
[2023-04-04 08:29:48,402: WARNING/ForkPoolWorker-1] ChIJ_6e_b-xY7IARqYCXRkESV2I
[2023-04-04 08:29:48,403: WARNING/ForkPoolWorker-1] ChIJR2rb15TX3IAR4Pr3HFmko7U
[2023-04-04 08:29:48,404: WARNING/ForkPoolWorker-1] ChIJWWBc5-Bp6oARuRQ2EPHs-Ts
[2023-04-04 08:29:48,405: WARNING/ForkPoolWorker-1] ChIJITjJkkzGwoAR35tUi0GRxKA
[2023-04-04 08:29:48,406: WARNING/ForkPoolWorker-1] ChIJ_dxT3VX03IARYBRkWyG2suw
[2023-04-04 08:29:48,407: WARNING/ForkPoolWorker-1] ChIJtXDdxVXAwoARWcmsZ1iph0A
[2023-04-04 08:29:48,409: WARNING/ForkPoolWorker-1] ChIJS-TgfNbHwoARMl16DsEuxH0
[2023-04-04 08:29:48,410: WARNING/ForkPoolWorker-1] ChIJvffIt_hp6oAR-RgNCDhnqts
[2023-04-04 08:29:48,411: WARNING/ForkPoolWorker-1] ChIJ_7bDsPS2j4ARzsg5ZUdqINw
[2023-04-04 08:29:48,412: WARNING/ForkPoolWorker-1] ChIJiSBrF2G6woARCZ4CwoQfGDE
[2023-04-04 08:29:48,413: WARNING/ForkPoolWorker-1] ChIJ2fwRFnyGj4ARKIQeI_F9xuI
[2023-04-04 08:29:48,414: WARNING/ForkPoolWorker-1] ChIJTZMqsJsr3YARNQdL3RzQJ2U
[2023-04-04 08:29:48,415: WARNING/ForkPoolWorker-1] ChIJeUoeTxUp3YAR5vsW803JThA
[2023-04-04 08:29:48,416: WARNING/ForkPoolWorker-1] ChIJ7xR6secr3YARIe-yjavOsCk
[2023-04-04 08:29:48,417: WARNING/ForkPoolWorker-1] ChIJhWXk5Ni2j4ARqnxGZitMIqM
[2023-04-04 08:29:48,418: WARNING/ForkPoolWorker-1] ChIJuQvVyFHX3IARmlJ4ZcvFueQ
[2023-04-04 08:29:48,420: WARNING/ForkPoolWorker-1] Completed
[2023-04-04 08:29:48,421: INFO/ForkPoolWorker-1] Task map_scrapers.tasks.get_all_place[50d62b93-15db-4962-874e-69f2ef0adbc7] succeeded in 0.1628304100013338s: True
[2023-04-04 08:29:48,423: INFO/MainProcess] Task map_scrapers.tasks.get_all_place[b522eb98-9a2d-4cb8-ba78-bbe938535494] received
[2023-04-04 08:29:48,551: WARNING/ForkPoolWorker-1] ChIJL3qYO-f37IARa0yQFQxlNyk
[2023-04-04 08:29:48,552: WARNING/ForkPoolWorker-1] ChIJS6jWXsTX3IARSF4xvSJFNJY
[2023-04-04 08:29:48,553: WARNING/ForkPoolWorker-1] ChIJeYRVvceGwoARnK7lReaAgeA
[2023-04-04 08:29:48,555: WARNING/ForkPoolWorker-1] ChIJ0Tgh0mAp3YARPqGVsN_Xi7M
[2023-04-04 08:29:48,556: WARNING/ForkPoolWorker-1] ChIJ_6e_b-xY7IARqYCXRkESV2I
[2023-04-04 08:29:48,556: WARNING/ForkPoolWorker-1] ChIJR2rb15TX3IAR4Pr3HFmko7U
[2023-04-04 08:29:48,557: WARNING/ForkPoolWorker-1] ChIJWWBc5-Bp6oARuRQ2EPHs-Ts
[2023-04-04 08:29:48,558: WARNING/ForkPoolWorker-1] ChIJITjJkkzGwoAR35tUi0GRxKA
[2023-04-04 08:29:48,560: WARNING/ForkPoolWorker-1] ChIJ_dxT3VX03IARYBRkWyG2suw
[2023-04-04 08:29:48,561: WARNING/ForkPoolWorker-1] ChIJtXDdxVXAwoARWcmsZ1iph0A
[2023-04-04 08:29:48,562: WARNING/ForkPoolWorker-1] ChIJS-TgfNbHwoARMl16DsEuxH0
[2023-04-04 08:29:48,563: WARNING/ForkPoolWorker-1] ChIJvffIt_hp6oAR-RgNCDhnqts
[2023-04-04 08:29:48,564: WARNING/ForkPoolWorker-1] ChIJ_7bDsPS2j4ARzsg5ZUdqINw
[2023-04-04 08:29:48,565: WARNING/ForkPoolWorker-1] ChIJiSBrF2G6woARCZ4CwoQfGDE
[2023-04-04 08:29:48,566: WARNING/ForkPoolWorker-1] ChIJ2fwRFnyGj4ARKIQeI_F9xuI
[2023-04-04 08:29:48,567: WARNING/ForkPoolWorker-1] ChIJTZMqsJsr3YARNQdL3RzQJ2U
[2023-04-04 08:29:48,568: WARNING/ForkPoolWorker-1] ChIJeUoeTxUp3YAR5vsW803JThA
[2023-04-04 08:29:48,569: WARNING/ForkPoolWorker-1] ChIJ7xR6secr3YARIe-yjavOsCk
[2023-04-04 08:29:48,570: WARNING/ForkPoolWorker-1] ChIJhWXk5Ni2j4ARqnxGZitMIqM
[2023-04-04 08:29:48,571: WARNING/ForkPoolWorker-1] ChIJuQvVyFHX3IARmlJ4ZcvFueQ
[2023-04-04 08:29:48,572: WARNING/ForkPoolWorker-1] Completed
[2023-04-04 08:29:48,573: INFO/ForkPoolWorker-1] Task map_scrapers.tasks.get_all_place[5f3ed184-0f9c-45c1-8702-2f05e231be37] succeeded in 0.14863824000349268s: True
[2023-04-04 08:29:48,575: INFO/MainProcess] Task map_scrapers.tasks.get_place_detail_and_save[5d18d290-a1cc-4ffe-af2e-bc751591e549] received
[2023-04-04 08:29:48,717: WARNING/ForkPoolWorker-1] ChIJL3qYO-f37IARa0yQFQxlNyk
[2023-04-04 08:29:48,718: WARNING/ForkPoolWorker-1] ChIJS6jWXsTX3IARSF4xvSJFNJY
[2023-04-04 08:29:48,719: WARNING/ForkPoolWorker-1] ChIJeYRVvceGwoARnK7lReaAgeA
[2023-04-04 08:29:48,721: WARNING/ForkPoolWorker-1] ChIJ0Tgh0mAp3YARPqGVsN_Xi7M
[2023-04-04 08:29:48,722: WARNING/ForkPoolWorker-1] ChIJ_6e_b-xY7IARqYCXRkESV2I
[2023-04-04 08:29:48,723: WARNING/ForkPoolWorker-1] ChIJR2rb15TX3IAR4Pr3HFmko7U
[2023-04-04 08:29:48,724: WARNING/ForkPoolWorker-1] ChIJWWBc5-Bp6oARuRQ2EPHs-Ts
[2023-04-04 08:29:48,725: WARNING/ForkPoolWorker-1] ChIJITjJkkzGwoAR35tUi0GRxKA
[2023-04-04 08:29:48,726: WARNING/ForkPoolWorker-1] ChIJ_dxT3VX03IARYBRkWyG2suw
[2023-04-04 08:29:48,727: WARNING/ForkPoolWorker-1] ChIJtXDdxVXAwoARWcmsZ1iph0A
[2023-04-04 08:29:48,728: WARNING/ForkPoolWorker-1] ChIJS-TgfNbHwoARMl16DsEuxH0
[2023-04-04 08:29:48,729: WARNING/ForkPoolWorker-1] ChIJvffIt_hp6oAR-RgNCDhnqts
[2023-04-04 08:29:48,730: WARNING/ForkPoolWorker-1] ChIJ_7bDsPS2j4ARzsg5ZUdqINw
[2023-04-04 08:29:48,731: WARNING/ForkPoolWorker-1] ChIJiSBrF2G6woARCZ4CwoQfGDE
[2023-04-04 08:29:48,732: WARNING/ForkPoolWorker-1] ChIJ2fwRFnyGj4ARKIQeI_F9xuI
[2023-04-04 08:29:48,733: WARNING/ForkPoolWorker-1] ChIJTZMqsJsr3YARNQdL3RzQJ2U
[2023-04-04 08:29:48,734: WARNING/ForkPoolWorker-1] ChIJeUoeTxUp3YAR5vsW803JThA
[2023-04-04 08:29:48,735: WARNING/ForkPoolWorker-1] ChIJ7xR6secr3YARIe-yjavOsCk
[2023-04-04 08:29:48,736: WARNING/ForkPoolWorker-1] ChIJhWXk5Ni2j4ARqnxGZitMIqM
[2023-04-04 08:29:48,737: WARNING/ForkPoolWorker-1] ChIJuQvVyFHX3IARmlJ4ZcvFueQ
[2023-04-04 08:29:48,738: WARNING/ForkPoolWorker-1] Completed
[2023-04-04 08:29:48,739: INFO/ForkPoolWorker-1] Task map_scrapers.tasks.get_all_place[d0c92eab-9929-420f-a01c-1f1bf1a7b7f3] succeeded in 0.16345843199815135s: True
[2023-04-04 08:29:48,742: INFO/MainProcess] Task map_scrapers.tasks.get_place_detail_and_save[796c3b05-745b-4b60-be19-e4018eb793d7] received
[2023-04-04 08:29:48,854: INFO/MainProcess] Task map_scrapers.tasks.get_place_detail_and_save[f9ca74d2-790d-4f94-8be7-61d1c1a8abd0] received
[2023-04-04 08:29:48,870: WARNING/ForkPoolWorker-1] ChIJL3qYO-f37IARa0yQFQxlNyk
[2023-04-04 08:29:48,876: WARNING/ForkPoolWorker-1] ChIJS6jWXsTX3IARSF4xvSJFNJY
[2023-04-04 08:29:48,883: WARNING/ForkPoolWorker-1] ChIJeYRVvceGwoARnK7lReaAgeA
[2023-04-04 08:29:48,885: WARNING/ForkPoolWorker-1] ChIJ0Tgh0mAp3YARPqGVsN_Xi7M
[2023-04-04 08:29:48,886: WARNING/ForkPoolWorker-1] ChIJ_6e_b-xY7IARqYCXRkESV2I
[2023-04-04 08:29:48,887: WARNING/ForkPoolWorker-1] ChIJR2rb15TX3IAR4Pr3HFmko7U
[2023-04-04 08:29:48,888: WARNING/ForkPoolWorker-1] ChIJWWBc5-Bp6oARuRQ2EPHs-Ts
[2023-04-04 08:29:48,891: WARNING/ForkPoolWorker-1] ChIJITjJkkzGwoAR35tUi0GRxKA
[2023-04-04 08:29:48,892: WARNING/ForkPoolWorker-1] ChIJ_dxT3VX03IARYBRkWyG2suw
[2023-04-04 08:29:48,895: WARNING/ForkPoolWorker-1] ChIJtXDdxVXAwoARWcmsZ1iph0A
[2023-04-04 08:29:48,896: WARNING/ForkPoolWorker-1] ChIJS-TgfNbHwoARMl16DsEuxH0
[2023-04-04 08:29:48,899: WARNING/ForkPoolWorker-1] ChIJvffIt_hp6oAR-RgNCDhnqts
[2023-04-04 08:29:48,900: WARNING/ForkPoolWorker-1] ChIJ_7bDsPS2j4ARzsg5ZUdqINw
[2023-04-04 08:29:48,904: WARNING/ForkPoolWorker-1] ChIJiSBrF2G6woARCZ4CwoQfGDE
[2023-04-04 08:29:48,906: WARNING/ForkPoolWorker-1] ChIJ2fwRFnyGj4ARKIQeI_F9xuI
[2023-04-04 08:29:48,907: WARNING/ForkPoolWorker-1] ChIJTZMqsJsr3YARNQdL3RzQJ2U
[2023-04-04 08:29:48,908: WARNING/ForkPoolWorker-1] ChIJeUoeTxUp3YAR5vsW803JThA
[2023-04-04 08:29:48,909: WARNING/ForkPoolWorker-1] ChIJ7xR6secr3YARIe-yjavOsCk
[2023-04-04 08:29:48,911: WARNING/ForkPoolWorker-1] ChIJhWXk5Ni2j4ARqnxGZitMIqM
[2023-04-04 08:29:48,912: WARNING/ForkPoolWorker-1] ChIJuQvVyFHX3IARmlJ4ZcvFueQ
[2023-04-04 08:29:48,913: WARNING/ForkPoolWorker-1] Completed
[2023-04-04 08:29:48,914: INFO/ForkPoolWorker-1] Task map_scrapers.tasks.get_all_place[75483bfa-6ded-407c-8915-7553a02a32c3] succeeded in 0.17077181600325275s: True
[2023-04-04 08:29:49,053: WARNING/ForkPoolWorker-1] ChIJL3qYO-f37IARa0yQFQxlNyk
[2023-04-04 08:29:49,054: WARNING/ForkPoolWorker-1] ChIJS6jWXsTX3IARSF4xvSJFNJY
[2023-04-04 08:29:49,056: WARNING/ForkPoolWorker-1] ChIJeYRVvceGwoARnK7lReaAgeA
[2023-04-04 08:29:49,057: WARNING/ForkPoolWorker-1] ChIJ0Tgh0mAp3YARPqGVsN_Xi7M
[2023-04-04 08:29:49,058: WARNING/ForkPoolWorker-1] ChIJ_6e_b-xY7IARqYCXRkESV2I
[2023-04-04 08:29:49,059: WARNING/ForkPoolWorker-1] ChIJR2rb15TX3IAR4Pr3HFmko7U
[2023-04-04 08:29:49,060: WARNING/ForkPoolWorker-1] ChIJWWBc5-Bp6oARuRQ2EPHs-Ts
[2023-04-04 08:29:49,060: WARNING/ForkPoolWorker-1] ChIJITjJkkzGwoAR35tUi0GRxKA
[2023-04-04 08:29:49,061: WARNING/ForkPoolWorker-1] ChIJ_dxT3VX03IARYBRkWyG2suw
[2023-04-04 08:29:49,062: WARNING/ForkPoolWorker-1] ChIJtXDdxVXAwoARWcmsZ1iph0A
[2023-04-04 08:29:49,064: WARNING/ForkPoolWorker-1] ChIJS-TgfNbHwoARMl16DsEuxH0
[2023-04-04 08:29:49,065: WARNING/ForkPoolWorker-1] ChIJvffIt_hp6oAR-RgNCDhnqts
[2023-04-04 08:29:49,066: WARNING/ForkPoolWorker-1] ChIJ_7bDsPS2j4ARzsg5ZUdqINw
[2023-04-04 08:29:49,067: WARNING/ForkPoolWorker-1] ChIJiSBrF2G6woARCZ4CwoQfGDE
[2023-04-04 08:29:49,068: WARNING/ForkPoolWorker-1] ChIJ2fwRFnyGj4ARKIQeI_F9xuI
[2023-04-04 08:29:49,069: WARNING/ForkPoolWorker-1] ChIJTZMqsJsr3YARNQdL3RzQJ2U
[2023-04-04 08:29:49,070: WARNING/ForkPoolWorker-1] ChIJeUoeTxUp3YAR5vsW803JThA
[2023-04-04 08:29:49,071: WARNING/ForkPoolWorker-1] ChIJ7xR6secr3YARIe-yjavOsCk
[2023-04-04 08:29:49,072: WARNING/ForkPoolWorker-1] ChIJhWXk5Ni2j4ARqnxGZitMIqM
[2023-04-04 08:29:49,073: WARNING/ForkPoolWorker-1] ChIJuQvVyFHX3IARmlJ4ZcvFueQ
[2023-04-04 08:29:49,074: WARNING/ForkPoolWorker-1] Completed
[2023-04-04 08:29:49,075: INFO/ForkPoolWorker-1] Task map_scrapers.tasks.get_all_place[b522eb98-9a2d-4cb8-ba78-bbe938535494] succeeded in 0.1588786039937986s: True
[2023-04-04 08:29:49,077: INFO/MainProcess] Task map_scrapers.tasks.get_place_detail_and_save[7aebc816-0c37-4e82-8974-bd615948ab0d] received
[2023-04-04 08:29:49,447: INFO/ForkPoolWorker-1] Task map_scrapers.tasks.get_place_detail_and_save[5d18d290-a1cc-4ffe-af2e-bc751591e549] succeeded in 0.369143838994205s: True
[2023-04-04 08:29:49,450: INFO/MainProcess] Task map_scrapers.tasks.get_place_detail_and_save[00b7e6ed-eb4f-41f4-9fcc-64f8f21771c8] received
[2023-04-04 08:29:49,873: INFO/ForkPoolWorker-1] Task map_scrapers.tasks.get_place_detail_and_save[796c3b05-745b-4b60-be19-e4018eb793d7] succeeded in 0.4225801180000417s: True
[2023-04-04 08:29:49,876: INFO/MainProcess] Task map_scrapers.tasks.get_place_detail_and_save[6377c78a-5b98-469d-acaa-f096542d7112] received
[2023-04-04 08:29:50,270: INFO/ForkPoolWorker-1] Task map_scrapers.tasks.get_place_detail_and_save[f9ca74d2-790d-4f94-8be7-61d1c1a8abd0] succeeded in 0.3935811210103566s: True
[2023-04-04 08:29:50,283: INFO/MainProcess] Task map_scrapers.tasks.get_place_detail_and_save[6ba86ef6-e80f-4224-9fd2-7ded0aa33eff] received
[2023-04-04 08:29:50,286: INFO/MainProcess] Task map_scrapers.tasks.get_place_detail_and_save[098fb951-6f92-4761-a351-a344f881304e] received
[2023-04-04 08:29:50,586: INFO/ForkPoolWorker-1] Task map_scrapers.tasks.get_place_detail_and_save[7aebc816-0c37-4e82-8974-bd615948ab0d] succeeded in 0.3103373880003346s: True
[2023-04-04 08:29:50,857: INFO/MainProcess] Task map_scrapers.tasks.get_place_detail_and_save[a55116dc-1250-4d27-a65f-d5ea3a4d4519] received
[2023-04-04 08:29:51,338: INFO/ForkPoolWorker-1] Task map_scrapers.tasks.get_place_detail_and_save[00b7e6ed-eb4f-41f4-9fcc-64f8f21771c8] succeeded in 0.7488522680068854s: True
[2023-04-04 08:29:51,486: INFO/ForkPoolWorker-1] Task map_scrapers.tasks.get_place_detail_and_save[6377c78a-5b98-469d-acaa-f096542d7112] succeeded in 0.14659300300991163s: False
[2023-04-04 08:29:51,489: INFO/MainProcess] Task map_scrapers.tasks.get_place_detail_and_save[4adf1714-70f2-4c55-bd2c-cd8f5eb146a6] received
[2023-04-04 08:29:51,652: INFO/ForkPoolWorker-1] Task map_scrapers.tasks.get_place_detail_and_save[6ba86ef6-e80f-4224-9fd2-7ded0aa33eff] succeeded in 0.16242501699889544s: False
[2023-04-04 08:29:51,654: INFO/MainProcess] Task map_scrapers.tasks.get_place_detail_and_save[d7c3d32b-bb5c-4e55-a015-0039cae011b8] received
[2023-04-04 08:29:51,825: INFO/MainProcess] Task map_scrapers.tasks.get_place_detail_and_save[a0a008a0-40f1-4deb-84e2-03e3e12ac517] received
[2023-04-04 08:29:52,723: INFO/ForkPoolWorker-1] Task map_scrapers.tasks.get_place_detail_and_save[098fb951-6f92-4761-a351-a344f881304e] succeeded in 1.0676793109887512s: True
[2023-04-04 08:29:52,848: INFO/MainProcess] Task map_scrapers.tasks.get_place_detail_and_save[ce3ffe4d-1f53-4595-ac8b-93c3b01dd7e5] received
[2023-04-04 08:29:52,932: INFO/ForkPoolWorker-1] Task map_scrapers.tasks.get_place_detail_and_save[a55116dc-1250-4d27-a65f-d5ea3a4d4519] succeeded in 0.20684210798935965s: True
[2023-04-04 08:29:53,329: INFO/ForkPoolWorker-1] Task map_scrapers.tasks.get_place_detail_and_save[4adf1714-70f2-4c55-bd2c-cd8f5eb146a6] succeeded in 0.39513415900000837s: True
[2023-04-04 08:29:53,332: INFO/MainProcess] Task map_scrapers.tasks.get_place_detail_and_save[e125d17f-6068-4b86-8266-c5bc3b8c5155] received
[2023-04-04 08:29:53,487: INFO/ForkPoolWorker-1] Task map_scrapers.tasks.get_place_detail_and_save[d7c3d32b-bb5c-4e55-a015-0039cae011b8] succeeded in 0.15385206299833953s: False
[2023-04-04 08:29:53,489: INFO/MainProcess] Task map_scrapers.tasks.get_place_detail_and_save[b03dac1a-fc77-4382-9acd-cd1d817e2113] received
[2023-04-04 08:29:53,840: INFO/ForkPoolWorker-1] Task map_scrapers.tasks.get_place_detail_and_save[a0a008a0-40f1-4deb-84e2-03e3e12ac517] succeeded in 0.3499762560095405s: True
[2023-04-04 08:29:53,842: INFO/MainProcess] Task map_scrapers.tasks.get_place_detail_and_save[3a110dc2-6676-4b6b-86bf-0d8429cae04f] received
[2023-04-04 08:29:53,996: INFO/ForkPoolWorker-1] Task map_scrapers.tasks.get_place_detail_and_save[ce3ffe4d-1f53-4595-ac8b-93c3b01dd7e5] succeeded in 0.1531091280048713s: False
[2023-04-04 08:29:53,998: INFO/MainProcess] Task map_scrapers.tasks.get_place_detail_and_save[9b4224f7-8b55-4034-98ab-b66dad5237d7] received
[2023-04-04 08:29:54,182: INFO/ForkPoolWorker-1] Task map_scrapers.tasks.get_place_detail_and_save[e125d17f-6068-4b86-8266-c5bc3b8c5155] succeeded in 0.18250264499511104s: False
[2023-04-04 08:29:54,184: INFO/MainProcess] Task map_scrapers.tasks.get_place_detail_and_save[66c70364-b9e2-49ab-b016-3f2eb3b20e8c] received
[2023-04-04 08:29:54,475: INFO/ForkPoolWorker-1] Task map_scrapers.tasks.get_place_detail_and_save[b03dac1a-fc77-4382-9acd-cd1d817e2113] succeeded in 0.290434576003463s: True
[2023-04-04 08:29:54,478: INFO/MainProcess] Task map_scrapers.tasks.get_place_detail_and_save[fc503c6f-c0b2-49a8-ae9b-346cc13fe634] received
[2023-04-04 08:29:54,861: INFO/MainProcess] Task map_scrapers.tasks.get_place_detail_and_save[56405ab5-2169-4289-8543-48822f2a51be] received
[2023-04-04 08:29:55,128: INFO/ForkPoolWorker-1] Task map_scrapers.tasks.get_place_detail_and_save[3a110dc2-6676-4b6b-86bf-0d8429cae04f] succeeded in 0.6498086770006921s: True
[2023-04-04 08:29:55,411: INFO/ForkPoolWorker-1] Task map_scrapers.tasks.get_place_detail_and_save[9b4224f7-8b55-4034-98ab-b66dad5237d7] succeeded in 0.28123003199289087s: True
[2023-04-04 08:29:55,413: INFO/MainProcess] Task map_scrapers.tasks.get_place_detail_and_save[6ced37dd-53cf-4367-a493-965379cd360d] received
[2023-04-04 08:29:55,569: INFO/ForkPoolWorker-1] Task map_scrapers.tasks.get_place_detail_and_save[66c70364-b9e2-49ab-b016-3f2eb3b20e8c] succeeded in 0.15513452800223604s: False
[2023-04-04 08:29:55,571: INFO/MainProcess] Task map_scrapers.tasks.get_place_detail_and_save[6e680ab4-63ce-42d8-9184-a02ff9b2e65b] received
[2023-04-04 08:29:56,139: INFO/ForkPoolWorker-1] Task map_scrapers.tasks.get_place_detail_and_save[fc503c6f-c0b2-49a8-ae9b-346cc13fe634] succeeded in 0.5671405759931076s: True
[2023-04-04 08:29:56,141: INFO/MainProcess] Task map_scrapers.tasks.get_place_detail_and_save[091099f6-f882-4bc3-b455-d3f38fd6ffe0] received
[2023-04-04 08:29:56,434: INFO/ForkPoolWorker-1] Task map_scrapers.tasks.get_place_detail_and_save[56405ab5-2169-4289-8543-48822f2a51be] succeeded in 0.2925061119894963s: True
[2023-04-04 08:29:56,437: INFO/MainProcess] Task map_scrapers.tasks.get_place_detail_and_save[94df1133-4777-4b2d-a696-9e555bb24f7d] received
[2023-04-04 08:29:56,863: INFO/MainProcess] Task map_scrapers.tasks.get_place_detail_and_save[bf54c77a-c073-4798-9af5-dbabbf1b5aec] received
[2023-04-04 08:29:56,931: INFO/ForkPoolWorker-1] Task map_scrapers.tasks.get_place_detail_and_save[6ced37dd-53cf-4367-a493-965379cd360d] succeeded in 0.49368111600051634s: True
[2023-04-04 08:29:57,851: INFO/MainProcess] Task map_scrapers.tasks.get_place_detail_and_save[127c981a-56a8-49be-8027-3bef073f7983] received
[2023-04-04 08:29:59,585: INFO/ForkPoolWorker-1] Task map_scrapers.tasks.get_place_detail_and_save[6e680ab4-63ce-42d8-9184-a02ff9b2e65b] succeeded in 2.651580168007058s: True
[2023-04-04 08:29:59,867: INFO/ForkPoolWorker-1] Task map_scrapers.tasks.get_place_detail_and_save[091099f6-f882-4bc3-b455-d3f38fd6ffe0] succeeded in 0.2805477750080172s: True
[2023-04-04 08:29:59,869: INFO/MainProcess] Task map_scrapers.tasks.get_place_detail_and_save[3b49c56d-24b6-42aa-84a7-71d94139f8a5] received
[2023-04-04 08:30:00,232: WARNING/ForkPoolWorker-1] the error
[2023-04-04 08:30:00,233: WARNING/ForkPoolWorker-1]  
[2023-04-04 08:30:00,233: WARNING/ForkPoolWorker-1] HTTPSConnectionPool(host='www.redhawkcasino.com', port=443): Max retries exceeded with url: / (Caused by SSLError(SSLCertVerificationError(1, '[SSL: CERTIFICATE_VERIFY_FAILED] certificate verify failed: unable to get local issuer certificate (_ssl.c:997)')))
[2023-04-04 08:30:00,235: INFO/ForkPoolWorker-1] Task map_scrapers.tasks.get_place_detail_and_save[94df1133-4777-4b2d-a696-9e555bb24f7d] succeeded in 0.36481476300104987s: True
[2023-04-04 08:30:00,237: INFO/MainProcess] Task map_scrapers.tasks.get_place_detail_and_save[768e0888-987d-4315-86cf-8822d9ccd57d] received
[2023-04-04 08:30:00,869: INFO/MainProcess] Task map_scrapers.tasks.get_place_detail_and_save[1aff3c12-ee18-4453-b3e0-685ec81b75ef] received
[2023-04-04 08:30:01,414: INFO/ForkPoolWorker-1] Task map_scrapers.tasks.get_place_detail_and_save[bf54c77a-c073-4798-9af5-dbabbf1b5aec] succeeded in 1.176189912002883s: True
[2023-04-04 08:30:01,827: INFO/MainProcess] Task map_scrapers.tasks.get_place_detail_and_save[97004230-6128-4f2a-a81d-09bf8bbdd9e2] received
[2023-04-04 08:30:01,894: INFO/ForkPoolWorker-1] Task map_scrapers.tasks.get_place_detail_and_save[127c981a-56a8-49be-8027-3bef073f7983] succeeded in 0.476227981998818s: True
[2023-04-04 08:30:02,165: INFO/ForkPoolWorker-1] Task map_scrapers.tasks.get_place_detail_and_save[3b49c56d-24b6-42aa-84a7-71d94139f8a5] succeeded in 0.2679352139966795s: True
[2023-04-04 08:30:02,168: INFO/MainProcess] Task map_scrapers.tasks.get_place_detail_and_save[c6345604-28db-4129-a6e4-e2f7fac1ecdb] received
[2023-04-04 08:30:02,590: INFO/ForkPoolWorker-1] Task map_scrapers.tasks.get_place_detail_and_save[768e0888-987d-4315-86cf-8822d9ccd57d] succeeded in 0.4206912800000282s: True
[2023-04-04 08:30:02,593: INFO/MainProcess] Task map_scrapers.tasks.get_place_detail_and_save[0733ed54-1d65-4cf5-92ef-cc2b0d59fe95] received
[2023-04-04 08:30:02,852: INFO/MainProcess] Task map_scrapers.tasks.get_place_detail_and_save[e38b192e-a594-49e5-989f-a191196a359e] received
[2023-04-04 08:30:06,134: INFO/ForkPoolWorker-1] Task map_scrapers.tasks.get_place_detail_and_save[1aff3c12-ee18-4453-b3e0-685ec81b75ef] succeeded in 3.540444234997267s: True
[2023-04-04 08:30:06,825: INFO/MainProcess] Task map_scrapers.tasks.get_place_detail_and_save[ba07695b-d564-4756-abb6-ce8b7d6970a1] received
[2023-04-04 08:30:08,569: INFO/ForkPoolWorker-1] Task map_scrapers.tasks.get_place_detail_and_save[97004230-6128-4f2a-a81d-09bf8bbdd9e2] succeeded in 2.4321829690015875s: True
[2023-04-04 08:30:08,879: INFO/MainProcess] Task map_scrapers.tasks.get_place_detail_and_save[e3a9f722-1501-41ba-a842-64aa0f6c3230] received
[2023-04-04 08:30:08,993: INFO/ForkPoolWorker-1] Task map_scrapers.tasks.get_place_detail_and_save[c6345604-28db-4129-a6e4-e2f7fac1ecdb] succeeded in 0.4217862189980224s: True
[2023-04-04 08:30:09,785: INFO/ForkPoolWorker-1] Task map_scrapers.tasks.get_place_detail_and_save[0733ed54-1d65-4cf5-92ef-cc2b0d59fe95] succeeded in 0.788708340987796s: True
[2023-04-04 08:30:09,788: INFO/MainProcess] Task map_scrapers.tasks.get_place_detail_and_save[62eb6ad4-1205-4d37-a48e-792bf83f1fc1] received
[2023-04-04 08:30:10,132: INFO/ForkPoolWorker-1] Task map_scrapers.tasks.get_place_detail_and_save[e38b192e-a594-49e5-989f-a191196a359e] succeeded in 0.3441145830001915s: True
[2023-04-04 08:30:10,135: INFO/MainProcess] Task map_scrapers.tasks.get_place_detail_and_save[dfc87f24-a3ae-44a3-88e2-f6b87709150f] received
[2023-04-04 08:30:10,423: INFO/ForkPoolWorker-1] Task map_scrapers.tasks.get_place_detail_and_save[ba07695b-d564-4756-abb6-ce8b7d6970a1] succeeded in 0.2866857600020012s: True
[2023-04-04 08:30:10,426: INFO/MainProcess] Task map_scrapers.tasks.get_place_detail_and_save[5760d1ee-cb8e-459c-ae89-0e978be92051] received
[2023-04-04 08:30:10,882: INFO/MainProcess] Task map_scrapers.tasks.get_place_detail_and_save[780bb0fd-c8f9-4d73-b8da-120151dd478a] received
[2023-04-04 08:30:11,087: INFO/ForkPoolWorker-1] Task map_scrapers.tasks.get_place_detail_and_save[e3a9f722-1501-41ba-a842-64aa0f6c3230] succeeded in 0.6604892280010972s: True
[2023-04-04 08:30:11,385: INFO/ForkPoolWorker-1] Task map_scrapers.tasks.get_place_detail_and_save[62eb6ad4-1205-4d37-a48e-792bf83f1fc1] succeeded in 0.2951591620076215s: True
[2023-04-04 08:30:11,388: INFO/MainProcess] Task map_scrapers.tasks.get_place_detail_and_save[c1e24b47-b852-4c0a-9624-1af9c91871fa] received
[2023-04-04 08:30:11,714: WARNING/ForkPoolWorker-1] the error
[2023-04-04 08:30:11,714: WARNING/ForkPoolWorker-1]  
[2023-04-04 08:30:11,714: WARNING/ForkPoolWorker-1] ('Connection aborted.', RemoteDisconnected('Remote end closed connection without response'))
[2023-04-04 08:30:11,715: INFO/ForkPoolWorker-1] Task map_scrapers.tasks.get_place_detail_and_save[dfc87f24-a3ae-44a3-88e2-f6b87709150f] succeeded in 0.32615751499542966s: True
[2023-04-04 08:30:11,717: INFO/MainProcess] Task map_scrapers.tasks.get_place_detail_and_save[9bcd5583-b1d8-479f-89f9-c7caa805acb6] received
[2023-04-04 08:30:11,828: INFO/MainProcess] Task map_scrapers.tasks.get_place_detail_and_save[bd905bc1-2447-4b93-bdd8-031791d71c09] received
[2023-04-04 08:30:12,589: INFO/ForkPoolWorker-1] Task map_scrapers.tasks.get_place_detail_and_save[5760d1ee-cb8e-459c-ae89-0e978be92051] succeeded in 0.8709338580083568s: True
[2023-04-04 08:30:12,856: INFO/MainProcess] Task map_scrapers.tasks.get_place_detail_and_save[aa602385-59cc-4edf-b12d-800c720680b5] received
[2023-04-04 08:30:13,052: INFO/ForkPoolWorker-1] Task map_scrapers.tasks.get_place_detail_and_save[780bb0fd-c8f9-4d73-b8da-120151dd478a] succeeded in 0.4600158499961253s: True
[2023-04-04 08:30:13,406: INFO/ForkPoolWorker-1] Task map_scrapers.tasks.get_place_detail_and_save[c1e24b47-b852-4c0a-9624-1af9c91871fa] succeeded in 0.35115422699891496s: True
[2023-04-04 08:30:13,409: INFO/MainProcess] Task map_scrapers.tasks.get_place_detail_and_save[64940ae2-9715-47cb-ba81-7b6363169693] received
[2023-04-04 08:30:13,772: INFO/ForkPoolWorker-1] Task map_scrapers.tasks.get_place_detail_and_save[9bcd5583-b1d8-479f-89f9-c7caa805acb6] succeeded in 0.36267080099787563s: True
[2023-04-04 08:30:13,774: INFO/MainProcess] Task map_scrapers.tasks.get_place_detail_and_save[c6ef73d9-bfef-4059-884f-4beba0b10623] received
[2023-04-04 08:30:14,067: INFO/ForkPoolWorker-1] Task map_scrapers.tasks.get_place_detail_and_save[bd905bc1-2447-4b93-bdd8-031791d71c09] succeeded in 0.2912412229925394s: True
[2023-04-04 08:30:14,069: INFO/MainProcess] Task map_scrapers.tasks.get_place_detail_and_save[2024467a-09f6-4196-aa53-579241655e8d] received
[2023-04-04 08:30:14,360: INFO/ForkPoolWorker-1] Task map_scrapers.tasks.get_place_detail_and_save[aa602385-59cc-4edf-b12d-800c720680b5] succeeded in 0.2884719360008603s: True
[2023-04-04 08:30:14,362: INFO/MainProcess] Task map_scrapers.tasks.get_place_detail_and_save[7c65ce57-ecbc-4488-86ac-53a89450401c] received
[2023-04-04 08:30:14,724: INFO/ForkPoolWorker-1] Task map_scrapers.tasks.get_place_detail_and_save[64940ae2-9715-47cb-ba81-7b6363169693] succeeded in 0.35993498099560384s: True
[2023-04-04 08:30:14,726: INFO/MainProcess] Task map_scrapers.tasks.get_place_detail_and_save[bd7b20ca-eed0-4aa3-81ef-81605e6e7c54] received
[2023-04-04 08:30:14,889: INFO/MainProcess] Task map_scrapers.tasks.get_place_detail_and_save[55ed2295-eecc-4843-a2e8-b3f750fdad24] received
[2023-04-04 08:30:15,580: INFO/ForkPoolWorker-1] Task map_scrapers.tasks.get_place_detail_and_save[c6ef73d9-bfef-4059-884f-4beba0b10623] succeeded in 0.8536426380014746s: True
[2023-04-04 08:30:16,304: INFO/ForkPoolWorker-1] Task map_scrapers.tasks.get_place_detail_and_save[2024467a-09f6-4196-aa53-579241655e8d] succeeded in 0.7207058100029826s: True
[2023-04-04 08:30:16,306: INFO/MainProcess] Task map_scrapers.tasks.get_place_detail_and_save[ff152cd2-d4d4-4723-8cc0-5ed330932a34] received
[2023-04-04 08:30:16,603: INFO/ForkPoolWorker-1] Task map_scrapers.tasks.get_place_detail_and_save[7c65ce57-ecbc-4488-86ac-53a89450401c] succeeded in 0.29604681400815025s: True
[2023-04-04 08:30:16,605: INFO/MainProcess] Task map_scrapers.tasks.get_place_detail_and_save[c9f68cfd-6ceb-4495-b96f-c4e605f912d7] received
[2023-04-04 08:30:16,891: INFO/MainProcess] Task map_scrapers.tasks.get_place_detail_and_save[7d3dd001-f081-4e17-b606-56b0bb7bc5e1] received
[2023-04-04 08:30:17,327: INFO/ForkPoolWorker-1] Task map_scrapers.tasks.get_place_detail_and_save[bd7b20ca-eed0-4aa3-81ef-81605e6e7c54] succeeded in 0.7206153820006875s: True
[2023-04-04 08:30:17,857: INFO/MainProcess] Task map_scrapers.tasks.get_place_detail_and_save[c1e87d2b-7026-4c59-9565-db6114a65aac] received
[2023-04-04 08:30:18,302: INFO/ForkPoolWorker-1] Task map_scrapers.tasks.get_place_detail_and_save[55ed2295-eecc-4843-a2e8-b3f750fdad24] succeeded in 0.972837260007509s: True
[2023-04-04 08:30:18,660: INFO/ForkPoolWorker-1] Task map_scrapers.tasks.get_place_detail_and_save[ff152cd2-d4d4-4723-8cc0-5ed330932a34] succeeded in 0.35586616799992044s: True
[2023-04-04 08:30:18,662: INFO/MainProcess] Task map_scrapers.tasks.get_place_detail_and_save[7cba9f04-e54b-4dcf-b745-a78f7dd8e4d7] received
[2023-04-04 08:30:18,893: INFO/MainProcess] Task map_scrapers.tasks.get_place_detail_and_save[31c6b69b-f9b6-4a77-82d9-5f25827e3ea4] received
[2023-04-04 08:30:19,618: INFO/ForkPoolWorker-1] Task map_scrapers.tasks.get_place_detail_and_save[c9f68cfd-6ceb-4495-b96f-c4e605f912d7] succeeded in 0.9547877269942546s: True
[2023-04-04 08:30:20,326: INFO/ForkPoolWorker-1] Task map_scrapers.tasks.get_place_detail_and_save[7d3dd001-f081-4e17-b606-56b0bb7bc5e1] succeeded in 0.7053064060019096s: True
[2023-04-04 08:30:20,328: INFO/MainProcess] Task map_scrapers.tasks.get_place_detail_and_save[d6aa8edb-459e-4bff-b5c2-408975e7ebed] received
[2023-04-04 08:30:20,726: INFO/ForkPoolWorker-1] Task map_scrapers.tasks.get_place_detail_and_save[c1e87d2b-7026-4c59-9565-db6114a65aac] succeeded in 0.39662696700543165s: True
[2023-04-04 08:30:20,728: INFO/MainProcess] Task map_scrapers.tasks.get_place_detail_and_save[f789567b-2af1-4096-81af-423b0cec997d] received
[2023-04-04 08:30:20,894: INFO/MainProcess] Task map_scrapers.tasks.get_place_detail_and_save[4b5d441f-49b9-494b-83c0-07158b200550] received
[2023-04-04 08:30:21,309: INFO/ForkPoolWorker-1] Task map_scrapers.tasks.get_place_detail_and_save[7cba9f04-e54b-4dcf-b745-a78f7dd8e4d7] succeeded in 0.5795718580047833s: True
[2023-04-04 08:30:21,830: INFO/MainProcess] Task map_scrapers.tasks.get_place_detail_and_save[81e38a16-da8d-4eed-af4e-be17afca5b30] received
[2023-04-04 08:30:22,507: INFO/ForkPoolWorker-1] Task map_scrapers.tasks.get_place_detail_and_save[31c6b69b-f9b6-4a77-82d9-5f25827e3ea4] succeeded in 1.196193065989064s: True
[2023-04-04 08:30:22,858: INFO/MainProcess] Task map_scrapers.tasks.get_place_detail_and_save[111c826a-3c2e-48a5-8dd9-d5f23b677c0c] received

Restarting celery worker (/home/mapscraper/GoogleMapScraper/venv/bin/celery -A GoogleMapScraper worker --loglevel=info)
[2023-04-04 10:41:36,835: ERROR/MainProcess] Process 'ForkPoolWorker-1' pid:29393 exited with 'exitcode 70'
[2023-04-04 10:41:36,851: ERROR/MainProcess] Task handler raised error: WorkerLostError('Worker exited prematurely: exitcode 70 Job: 68.')
Traceback (most recent call last):
  File "/home/mapscraper/GoogleMapScraper/venv/lib/python3.10/site-packages/celery/worker/worker.py", line 203, in start
    self.blueprint.start(self)
  File "/home/mapscraper/GoogleMapScraper/venv/lib/python3.10/site-packages/celery/bootsteps.py", line 116, in start
    step.start(parent)
  File "/home/mapscraper/GoogleMapScraper/venv/lib/python3.10/site-packages/celery/bootsteps.py", line 365, in start
    return self.obj.start()
  File "/home/mapscraper/GoogleMapScraper/venv/lib/python3.10/site-packages/celery/worker/consumer/consumer.py", line 332, in start
    blueprint.start(self)
  File "/home/mapscraper/GoogleMapScraper/venv/lib/python3.10/site-packages/celery/bootsteps.py", line 116, in start
    step.start(parent)
  File "/home/mapscraper/GoogleMapScraper/venv/lib/python3.10/site-packages/celery/worker/consumer/consumer.py", line 628, in start
    c.loop(*c.loop_args())
  File "/home/mapscraper/GoogleMapScraper/venv/lib/python3.10/site-packages/celery/worker/loops.py", line 86, in asynloop
    state.maybe_shutdown()
  File "/home/mapscraper/GoogleMapScraper/venv/lib/python3.10/site-packages/celery/worker/state.py", line 89, in maybe_shutdown
    raise WorkerShutdown(should_stop)
celery.exceptions.WorkerShutdown: 0

During handling of the above exception, another exception occurred:

Traceback (most recent call last):
  File "/home/mapscraper/GoogleMapScraper/venv/lib/python3.10/site-packages/billiard/pool.py", line 1265, in mark_as_worker_lost
    raise WorkerLostError(
billiard.exceptions.WorkerLostError: Worker exited prematurely: exitcode 70 Job: 68.
Restoring 4 unacknowledged message(s)


 
 -------------- celery@ubuntu-s-1vcpu-1gb-nyc1-01 v5.2.7 (dawn-chorus)
--- ***** ----- 
-- ******* ---- Linux-5.19.0-38-generic-x86_64-with-glibc2.36 2023-04-04 10:41:37
- *** --- * --- 
- ** ---------- [config]
- ** ---------- .> app:         GoogleMapScraper:0x7f2d346726e0
- ** ---------- .> transport:   redis://localhost:6379//
- ** ---------- .> results:     redis://localhost:6379/
- *** --- * --- .> concurrency: 1 (prefork)
-- ******* ---- .> task events: OFF (enable -E to monitor tasks in this worker)
--- ***** ----- 
 -------------- [queues]
                .> celery           exchange=celery(direct) key=celery
                

[tasks]
  . GoogleMapScraper.celery.debug_task
  . map_scrapers.tasks.get_all_place
  . map_scrapers.tasks.get_place_detail_and_save

[2023-04-04 10:41:37,740: INFO/MainProcess] Connected to redis://localhost:6379//
[2023-04-04 10:41:37,747: INFO/MainProcess] mingle: searching for neighbors
[2023-04-04 10:41:38,763: INFO/MainProcess] mingle: all alone
[2023-04-04 10:41:38,774: WARNING/MainProcess] /home/mapscraper/GoogleMapScraper/venv/lib/python3.10/site-packages/celery/fixups/django.py:203: UserWarning: Using settings.DEBUG leads to a memory
            leak, never use this setting in production environments!
  warnings.warn('''Using settings.DEBUG leads to a memory

[2023-04-04 10:41:38,774: INFO/MainProcess] celery@ubuntu-s-1vcpu-1gb-nyc1-01 ready.
[2023-04-04 10:41:38,777: INFO/MainProcess] Task map_scrapers.tasks.get_place_detail_and_save[f789567b-2af1-4096-81af-423b0cec997d] received
[2023-04-04 10:41:38,779: INFO/MainProcess] Task map_scrapers.tasks.get_place_detail_and_save[4b5d441f-49b9-494b-83c0-07158b200550] received
[2023-04-04 10:41:38,784: INFO/MainProcess] Task map_scrapers.tasks.get_place_detail_and_save[81e38a16-da8d-4eed-af4e-be17afca5b30] received
[2023-04-04 10:41:38,786: INFO/MainProcess] Task map_scrapers.tasks.get_place_detail_and_save[111c826a-3c2e-48a5-8dd9-d5f23b677c0c] received
[2023-04-04 10:41:38,788: INFO/MainProcess] Task map_scrapers.tasks.get_place_detail_and_save[981b3ff1-b5d9-4a07-bb70-eec08732144f] received
[2023-04-04 10:41:39,104: INFO/ForkPoolWorker-1] Task map_scrapers.tasks.get_place_detail_and_save[f789567b-2af1-4096-81af-423b0cec997d] succeeded in 0.3249312620027922s: True
[2023-04-04 10:41:39,569: INFO/ForkPoolWorker-1] Task map_scrapers.tasks.get_place_detail_and_save[4b5d441f-49b9-494b-83c0-07158b200550] succeeded in 0.4621191250043921s: True
[2023-04-04 10:41:39,571: INFO/MainProcess] Task map_scrapers.tasks.get_place_detail_and_save[2704eba6-27f2-4512-a8c0-b5ef54683e04] received
[2023-04-04 10:41:39,750: INFO/MainProcess] Task map_scrapers.tasks.get_place_detail_and_save[89b33284-aab7-4ca1-8047-4b204e1b4079] received
[2023-04-04 10:41:39,890: INFO/ForkPoolWorker-1] Task map_scrapers.tasks.get_place_detail_and_save[81e38a16-da8d-4eed-af4e-be17afca5b30] succeeded in 0.31777847500052303s: True
[2023-04-04 10:41:40,162: INFO/ForkPoolWorker-1] Task map_scrapers.tasks.get_place_detail_and_save[111c826a-3c2e-48a5-8dd9-d5f23b677c0c] succeeded in 0.2701716659939848s: True
[2023-04-04 10:41:40,164: INFO/MainProcess] Task map_scrapers.tasks.get_place_detail_and_save[1774acaa-a4f8-4208-a825-0acffda3a2c9] received
[2023-04-04 10:41:40,431: INFO/ForkPoolWorker-1] Task map_scrapers.tasks.get_place_detail_and_save[981b3ff1-b5d9-4a07-bb70-eec08732144f] succeeded in 0.26576643899898045s: False
[2023-04-04 10:41:40,433: INFO/MainProcess] Task map_scrapers.tasks.get_place_detail_and_save[78cc9c98-6fdd-4991-88f3-98ad3b7e6e88] received
[2023-04-04 10:41:41,753: INFO/MainProcess] Task map_scrapers.tasks.get_place_detail_and_save[d8d48265-b706-4198-bb74-4a22cedad35c] received
[2023-04-04 10:41:44,181: INFO/ForkPoolWorker-1] Task map_scrapers.tasks.get_place_detail_and_save[2704eba6-27f2-4512-a8c0-b5ef54683e04] succeeded in 3.747245278005721s: True
[2023-04-04 10:41:44,697: INFO/ForkPoolWorker-1] Task map_scrapers.tasks.get_place_detail_and_save[89b33284-aab7-4ca1-8047-4b204e1b4079] succeeded in 0.5127691400120966s: True
[2023-04-04 10:41:44,699: INFO/MainProcess] Task map_scrapers.tasks.get_place_detail_and_save[61df3d29-d039-4c1b-ad2e-c0626d81dbfe] received
[2023-04-04 10:41:44,847: INFO/ForkPoolWorker-1] Task map_scrapers.tasks.get_place_detail_and_save[1774acaa-a4f8-4208-a825-0acffda3a2c9] succeeded in 0.14630602198303677s: False
[2023-04-04 10:41:44,849: INFO/MainProcess] Task map_scrapers.tasks.get_place_detail_and_save[56e6fe2d-9e63-44d0-a14e-2e97377d025d] received
[2023-04-04 10:41:45,587: INFO/ForkPoolWorker-1] Task map_scrapers.tasks.get_place_detail_and_save[78cc9c98-6fdd-4991-88f3-98ad3b7e6e88] succeeded in 0.7371357429947238s: True
[2023-04-04 10:41:45,589: INFO/MainProcess] Task map_scrapers.tasks.get_place_detail_and_save[018f792d-504b-4945-bf26-ff5435c36597] received
[2023-04-04 10:41:45,760: INFO/MainProcess] Task map_scrapers.tasks.get_place_detail_and_save[42d9c6c5-0fe8-481c-8b18-d15eb51e5b94] received
[2023-04-04 10:41:46,625: INFO/ForkPoolWorker-1] Task map_scrapers.tasks.get_place_detail_and_save[d8d48265-b706-4198-bb74-4a22cedad35c] succeeded in 1.0342417130013928s: True
[2023-04-04 10:41:47,179: INFO/ForkPoolWorker-1] Task map_scrapers.tasks.get_place_detail_and_save[61df3d29-d039-4c1b-ad2e-c0626d81dbfe] succeeded in 0.5516214649833273s: True
[2023-04-04 10:41:47,181: INFO/MainProcess] Task map_scrapers.tasks.get_place_detail_and_save[c686a4b6-530f-4aaa-9504-1e62002b15df] received
[2023-04-04 10:41:47,537: INFO/ForkPoolWorker-1] Task map_scrapers.tasks.get_place_detail_and_save[56e6fe2d-9e63-44d0-a14e-2e97377d025d] succeeded in 0.3555093170143664s: True
[2023-04-04 10:41:47,540: INFO/MainProcess] Task map_scrapers.tasks.get_place_detail_and_save[4bfbae46-1621-4548-a942-8dd84f1cf67f] received
[2023-04-04 10:41:47,741: INFO/MainProcess] Task map_scrapers.tasks.get_place_detail_and_save[7249bfa9-255b-42c8-9dbb-38d3cfa318d0] received

worker: Warm shutdown (MainProcess)
[2023-04-05 14:01:32,236: ERROR/MainProcess] Process 'ForkPoolWorker-1' pid:30456 exited with 'signal 15 (SIGTERM)'
[2023-04-05 14:01:32,250: ERROR/MainProcess] Task handler raised error: WorkerLostError('Worker exited prematurely: signal 15 (SIGTERM) Job: 12.')
Traceback (most recent call last):
  File "/home/mapscraper/GoogleMapScraper/venv/lib/python3.10/site-packages/celery/worker/worker.py", line 203, in start
    self.blueprint.start(self)
  File "/home/mapscraper/GoogleMapScraper/venv/lib/python3.10/site-packages/celery/bootsteps.py", line 116, in start
    step.start(parent)
  File "/home/mapscraper/GoogleMapScraper/venv/lib/python3.10/site-packages/celery/bootsteps.py", line 365, in start
    return self.obj.start()
  File "/home/mapscraper/GoogleMapScraper/venv/lib/python3.10/site-packages/celery/worker/consumer/consumer.py", line 332, in start
    blueprint.start(self)
  File "/home/mapscraper/GoogleMapScraper/venv/lib/python3.10/site-packages/celery/bootsteps.py", line 116, in start
    step.start(parent)
  File "/home/mapscraper/GoogleMapScraper/venv/lib/python3.10/site-packages/celery/worker/consumer/consumer.py", line 628, in start
    c.loop(*c.loop_args())
  File "/home/mapscraper/GoogleMapScraper/venv/lib/python3.10/site-packages/celery/worker/loops.py", line 97, in asynloop
    next(loop)
  File "/home/mapscraper/GoogleMapScraper/venv/lib/python3.10/site-packages/kombu/asynchronous/hub.py", line 306, in create_loop
    events = poll(poll_timeout)
  File "/home/mapscraper/GoogleMapScraper/venv/lib/python3.10/site-packages/kombu/utils/eventio.py", line 81, in poll
    return self._epoll.poll(timeout if timeout is not None else -1)
  File "/home/mapscraper/GoogleMapScraper/venv/lib/python3.10/site-packages/celery/apps/worker.py", line 299, in _handle_request
    raise exc(exitcode)
celery.exceptions.WorkerShutdown: 0

During handling of the above exception, another exception occurred:

Traceback (most recent call last):
  File "/home/mapscraper/GoogleMapScraper/venv/lib/python3.10/site-packages/billiard/pool.py", line 1265, in mark_as_worker_lost
    raise WorkerLostError(
billiard.exceptions.WorkerLostError: Worker exited prematurely: signal 15 (SIGTERM) Job: 12.
[2023-04-05 14:01:32,252: WARNING/MainProcess] Restoring 4 unacknowledged message(s)
